<?xml version="1.0" encoding="UTF-8"?>
<!-- Generated by org.testng.reporters.JUnitReportReporter -->
<testsuite hostname="SIPl-DT-PS" failures="0" tests="5" name="Softude.VolvoCss.Tests.QuestionBankTest" time="155.731" errors="0" timestamp="2023-08-25T15:01:37 IST" skipped="0">
  <testcase classname="Softude.VolvoCss.Tests.QuestionBankTest" name="addingNewQuestion" time="30.556"/>
  <system-out/>
  <testcase classname="Softude.VolvoCss.Tests.QuestionBankTest" name="addingNewQuestion" time="36.045"/>
  <system-out/>
  <testcase classname="Softude.VolvoCss.Tests.QuestionBankTest" name="addingNewQuestion" time="28.493"/>
  <system-out/>
  <testcase classname="Softude.VolvoCss.Tests.QuestionBankTest" name="addingNewQuestion" time="31.352"/>
  <system-out/>
  <testcase classname="Softude.VolvoCss.Tests.QuestionBankTest" name="addingNewQuestion" time="29.285"/>
  <system-out/>
</testsuite> <!-- Softude.VolvoCss.Tests.QuestionBankTest -->
