<?xml version="1.0" encoding="UTF-8"?>
<!-- Generated by org.testng.reporters.JUnitReportReporter -->
<testsuite hostname="SIPl-DT-PS" failures="0" tests="3" name="Softude.VolvoCss.Tests.CampaignPage_Test" time="83.293" errors="0" timestamp="2023-08-23T15:51:55 IST" skipped="0">
  <testcase classname="Softude.VolvoCss.Tests.CampaignPage_Test" name="serachCustomerAndAdd" time="21.078"/>
  <system-out/>
  <testcase classname="Softude.VolvoCss.Tests.CampaignPage_Test" name="serachCustomerAndAdd" time="25.322"/>
  <system-out/>
  <testcase classname="Softude.VolvoCss.Tests.CampaignPage_Test" name="serachCustomerAndAdd" time="36.893"/>
  <system-out/>
</testsuite> <!-- Softude.VolvoCss.Tests.CampaignPage_Test -->
