<?xml version="1.0" encoding="UTF-8"?>
<!-- Generated by org.testng.reporters.JUnitReportReporter -->
<testsuite hostname="SIPl-DT-PS" failures="0" tests="1" name="Softude.VolvoCss.Tests.Login_ErrorValidation" time="8.058" errors="0" timestamp="2023-08-22T15:50:29 IST" skipped="0">
  <testcase classname="Softude.VolvoCss.Tests.Login_ErrorValidation" name="errorMessagValidation" time="8.058"/>
  <system-out/>
</testsuite> <!-- Softude.VolvoCss.Tests.Login_ErrorValidation -->
